<?xml version="1.0" encoding="UTF-8"?>
<!-- Generated by org.testng.reporters.JUnitReportReporter -->
<testsuite hostname="LMMUMLP0200" failures="0" tests="2" name="test.luma_case2" time="61.508" errors="0" timestamp="2024-01-30T13:51:50 IST" skipped="0">
  <testcase classname="test.luma_case2" name="f" time="31.477"/>
  <testcase classname="test.luma_case2" name="f" time="30.031"/>
</testsuite> <!-- test.luma_case2 -->
