<?xml version="1.0" encoding="UTF-8"?>
<!-- Generated by org.testng.reporters.JUnitReportReporter -->
<testsuite hostname="LMMUMLP0200" failures="0" tests="4" name="Day7.TC001_multipleTest" time="0.030" errors="0" timestamp="2024-01-29T16:47:17 IST" skipped="0">
  <testcase classname="Day7.TC001_multipleTest" name="Test3" time="0.017"/>
  <testcase classname="Day7.TC001_multipleTest" name="Test4" time="0.004"/>
  <testcase classname="Day7.TC001_multipleTest" name="Test1" time="0.005"/>
  <testcase classname="Day7.TC001_multipleTest" name="Test2" time="0.004"/>
</testsuite> <!-- Day7.TC001_multipleTest -->
