<?xml version="1.0" encoding="UTF-8"?>
<!-- Generated by org.testng.reporters.JUnitReportReporter -->
<testsuite hostname="LMMUMLP0200" failures="0" tests="1" name="Lab_selenium.Lab8" time="12.929" errors="0" timestamp="2024-01-22T18:30:40 IST" skipped="0">
  <testcase classname="Lab_selenium.Lab8" name="f" time="12.929"/>
</testsuite> <!-- Lab_selenium.Lab8 -->
