<?xml version="1.0" encoding="UTF-8"?>
<!-- Generated by org.testng.reporters.JUnitReportReporter -->
<testsuite hostname="LMMUMLP0200" failures="0" tests="1" name="Day5.TC00TestNG" time="0.019" errors="0" timestamp="2024-01-22T13:40:21 IST" skipped="0">
  <testcase classname="Day5.TC00TestNG" name="logintest" time="0.019"/>
</testsuite> <!-- Day5.TC00TestNG -->
