<?xml version="1.0" encoding="UTF-8"?>
<!-- Generated by org.testng.reporters.JUnitReportReporter -->
<testsuite hostname="LMMUMLP0200" failures="0" tests="2" name="test.Luma_Booking2" time="60.119" errors="0" timestamp="2024-01-30T11:09:11 IST" skipped="0">
  <testcase classname="test.Luma_Booking2" name="f" time="34.549"/>
  <testcase classname="test.Luma_Booking2" name="f" time="25.570"/>
</testsuite> <!-- test.Luma_Booking2 -->
