<?xml version="1.0" encoding="UTF-8"?>
<!-- Generated by org.testng.reporters.JUnitReportReporter -->
<testsuite hostname="LMMUMLP0200" failures="0" tests="2" name="test.Luma_test" time="37.436" errors="0" timestamp="2024-01-30T13:06:46 IST" skipped="0">
  <testcase classname="test.Luma_test" name="f" time="18.651"/>
  <testcase classname="test.Luma_test" name="f" time="18.785"/>
</testsuite> <!-- test.Luma_test -->
