<?xml version="1.0" encoding="UTF-8"?>
<!-- Generated by org.testng.reporters.JUnitReportReporter -->
<testsuite hostname="LMMUMLP0200" failures="0" tests="2" name="Day5.TC0012_TestNG" time="0.010" errors="0" timestamp="2024-01-22T16:17:06 IST" skipped="0">
  <testcase classname="Day5.TC0012_TestNG" name="f" time="0.007"/>
  <testcase classname="Day5.TC0012_TestNG" name="f" time="0.003"/>
</testsuite> <!-- Day5.TC0012_TestNG -->
